
> vite_react_shadcn_ts@0.0.0 build
> vite build

[36mvite v7.3.1 [32mbuilding client environment for production...[36m[39m
transforming...
node.exe : 
Browserslist: browsers 
data (caniuse-lite) is 
9 months old. Please 
run:
At line:1 char:1
+ & "C:\Program 
Files\nodejs/node.exe" 
"C:\Program 
Files\nodejs/node_mo 
...
+ ~~~~~~~~~~~~~~~~~~~~~
~~~~~~~~~~~~~~~~~~~~~~~
~~~~~~~~~~~~~~~~~~~~~~~
~~
    + CategoryInfo     
         : NotSpecifi  
  ed: (Browserslist:   
  b...ld. Please ru    
n::String) [], Rem    
oteException
    + FullyQualifiedEr 
   rorId : NativeComm  
  andError
 
  npx update-browsersli
st-db@latest
  Why you should do it 
regularly: https://gith
ub.com/browserslist/upd
ate-db#readme
[33m[vite:css][postcss
] @import must precede 
all other statements 
(besides @charset or 
empty @layer)
4  |  
5  |  /* Cinematic 
Dark Portfolio Design 
System */
6  |  @import url('http
s://fonts.googleapis.co
m/css2?family=Space+Gro
tesk:wght@300;400;500;6
00;700&family=Syne:wght
@400;500...
   |  ^^^^^^^^^^^^^^^^^
^^^^^^^^^^^^^^^^^^^^^^^
^^^^^^^^^^^^^^^^^^^^^^^
^^^^^^^^^^^^^^^^^^^^^^^
^^^^^^^^^^^^^^^^^^^^^^^
^^^^^^^^^^^
7  |  
8  |  @layer base 
{[39m
[32mΓ£ô[39m 1290 modules transformed.
[31mΓ£ù[39m Build 
failed in 2.07s
[31merror during 
build:
[31m[vite:asset] 
Could not load G:\Downl
oads\Harish_portfolio-m
ain\src/assets/download
.svg (imported by src/c
omponents/FigJamShowcas
e.tsx): ENOENT: no 
such file or 
directory, open 'G:\Dow
nloads\Harish_portfolio
-main\src\assets\downlo
ad.svg'[31m
    at async open (node
:internal/fs/promises:6
37:25)
    at async 
Object.readFile (node:i
nternal/fs/promises:126
9:14)
    at async 
fileToBuiltUrl (file://
/G:/Downloads/Harish_po
rtfolio-main/node_modul
es/vite/dist/node/chunk
s/config.js:8777:18)
    at async 
Object.handler (file://
/G:/Downloads/Harish_po
rtfolio-main/node_modul
es/vite/dist/node/chunk
s/config.js:8671:17)
    at async PluginDriv
er.hookFirstAndGetPlugi
n (file:///G:/Downloads
/Harish_portfolio-main/
node_modules/rollup/dis
t/es/shared/node-entry.
js:22453:28)
    at async file:///G:
/Downloads/Harish_portf
olio-main/node_modules/
rollup/dist/es/shared/n
ode-entry.js:21445:33
    at async 
Queue.work (file:///G:/
Downloads/Harish_portfo
lio-main/node_modules/r
ollup/dist/es/shared/no
de-entry.js:22681:32)[
39m
